This file contains any messages produced by compilers while
running configure, to aid debugging if configure makes a mistake.

It was created by configure, which was
generated by GNU Autoconf 2.53.  Invocation command line was

  $ ./configure --prefix=/opt/iscanv/report-tools/

## --------- ##
## Platform. ##
## --------- ##

hostname = wang-laptop
uname -m = i686
uname -r = 2.6.32-22-generic
uname -s = Linux
uname -v = #33-Ubuntu SMP Wed Apr 28 13:27:30 UTC 2010

/usr/bin/uname -p = unknown
/bin/uname -X     = unknown

/bin/arch              = unknown
/usr/bin/arch -k       = unknown
/usr/convex/getsysinfo = unknown
hostinfo               = unknown
/bin/machine           = unknown
/usr/bin/oslevel       = unknown
/bin/universe          = unknown

PATH: /usr/local/sbin
PATH: /usr/local/bin
PATH: /usr/sbin
PATH: /usr/bin
PATH: /sbin
PATH: /bin
PATH: /usr/games
PATH: /home/wang/script/bin/


## ----------- ##
## Core tests. ##
## ----------- ##

configure:1425: checking for a BSD-compatible install
configure:1479: result: /usr/bin/install -c
configure:1490: checking whether build environment is sane
configure:1533: result: yes
configure:1548: checking whether make sets ${MAKE}
configure:1572: result: no
configure:1600: checking for working aclocal
configure:1611: result: missing
configure:1615: checking for working autoconf
configure:1626: result: missing
configure:1630: checking for working automake
configure:1641: result: missing
configure:1645: checking for working autoheader
configure:1656: result: missing
configure:1660: checking for working makeinfo
configure:1671: result: missing
configure:1678: checking location of OpenSP include files
configure:1719: checking for /opt/iscanv/report-tools//include/OpenSP
configure:1734: result: yes
configure:1757: checking location of OpenSP Library
configure:1773: result: /opt/iscanv/report-tools//lib
configure:1788: checking build system type
configure:1806: result: i686-pc-linux-gnu
configure:1814: checking host system type
configure:1828: result: i686-pc-linux-gnu
configure:1893: checking for gcc
configure:1909: found /usr/bin/gcc
configure:1919: result: gcc
configure:2163: checking for C compiler version
configure:2166: gcc --version </dev/null >&5
gcc (Ubuntu 4.4.3-4ubuntu5) 4.4.3
Copyright (C) 2009 Free Software Foundation, Inc.
This is free software; see the source for copying conditions.  There is NO
warranty; not even for MERCHANTABILITY or FITNESS FOR A PARTICULAR PURPOSE.

configure:2169: $? = 0
configure:2171: gcc -v </dev/null >&5
Using built-in specs.
Target: i486-linux-gnu
Configured with: ../src/configure -v --with-pkgversion='Ubuntu 4.4.3-4ubuntu5' --with-bugurl=file:///usr/share/doc/gcc-4.4/README.Bugs --enable-languages=c,c++,fortran,objc,obj-c++ --prefix=/usr --enable-shared --enable-multiarch --enable-linker-build-id --with-system-zlib --libexecdir=/usr/lib --without-included-gettext --enable-threads=posix --with-gxx-include-dir=/usr/include/c++/4.4 --program-suffix=-4.4 --enable-nls --enable-clocale=gnu --enable-libstdcxx-debug --enable-plugin --enable-objc-gc --enable-targets=all --disable-werror --with-arch-32=i486 --with-tune=generic --enable-checking=release --build=i486-linux-gnu --host=i486-linux-gnu --target=i486-linux-gnu
Thread model: posix
gcc version 4.4.3 (Ubuntu 4.4.3-4ubuntu5) 
configure:2174: $? = 0
configure:2176: gcc -V </dev/null >&5
gcc: '-V' option must have argument
configure:2179: $? = 1
configure:2205: checking for C compiler default output
configure:2208: gcc    conftest.c  >&5
configure:2211: $? = 0
configure:2244: result: a.out
configure:2249: checking whether the C compiler works
configure:2255: ./a.out
configure:2258: $? = 0
configure:2273: result: yes
configure:2280: checking whether we are cross compiling
configure:2282: result: no
configure:2285: checking for suffix of executables
configure:2287: gcc -o conftest    conftest.c  >&5
configure:2290: $? = 0
configure:2312: result: 
configure:2318: checking for suffix of object files
configure:2342: gcc -c   conftest.c >&5
configure:2345: $? = 0
configure:2364: result: o
configure:2368: checking whether we are using the GNU C compiler
configure:2395: gcc -c   conftest.c >&5
configure:2398: $? = 0
configure:2401: test -s conftest.o
configure:2404: $? = 0
configure:2416: result: yes
configure:2422: checking whether gcc accepts -g
configure:2446: gcc -c -g  conftest.c >&5
configure:2449: $? = 0
configure:2452: test -s conftest.o
configure:2455: $? = 0
configure:2465: result: yes
configure:2492: gcc -c -g -O2  conftest.c >&5
conftest.c:2: error: expected '=', ',', ';', 'asm' or '__attribute__' before 'me'
configure:2495: $? = 1
configure: failed program was:
#ifndef __cplusplus
  choke me
#endif
configure:2617: checking for a BSD-compatible install
configure:2671: result: /usr/bin/install -c
configure:2682: checking whether ln -s works
configure:2686: result: yes
configure:2745: checking for g++
configure:2761: found /usr/bin/g++
configure:2771: result: g++
configure:2787: checking for C++ compiler version
configure:2790: g++ --version </dev/null >&5
g++ (Ubuntu 4.4.3-4ubuntu5) 4.4.3
Copyright (C) 2009 Free Software Foundation, Inc.
This is free software; see the source for copying conditions.  There is NO
warranty; not even for MERCHANTABILITY or FITNESS FOR A PARTICULAR PURPOSE.

configure:2793: $? = 0
configure:2795: g++ -v </dev/null >&5
Using built-in specs.
Target: i486-linux-gnu
Configured with: ../src/configure -v --with-pkgversion='Ubuntu 4.4.3-4ubuntu5' --with-bugurl=file:///usr/share/doc/gcc-4.4/README.Bugs --enable-languages=c,c++,fortran,objc,obj-c++ --prefix=/usr --enable-shared --enable-multiarch --enable-linker-build-id --with-system-zlib --libexecdir=/usr/lib --without-included-gettext --enable-threads=posix --with-gxx-include-dir=/usr/include/c++/4.4 --program-suffix=-4.4 --enable-nls --enable-clocale=gnu --enable-libstdcxx-debug --enable-plugin --enable-objc-gc --enable-targets=all --disable-werror --with-arch-32=i486 --with-tune=generic --enable-checking=release --build=i486-linux-gnu --host=i486-linux-gnu --target=i486-linux-gnu
Thread model: posix
gcc version 4.4.3 (Ubuntu 4.4.3-4ubuntu5) 
configure:2798: $? = 0
configure:2800: g++ -V </dev/null >&5
g++: '-V' option must have argument
configure:2803: $? = 1
configure:2806: checking whether we are using the GNU C++ compiler
configure:2833: g++ -c -O2  conftest.cc >&5
configure:2836: $? = 0
configure:2839: test -s conftest.o
configure:2842: $? = 0
configure:2854: result: yes
configure:2860: checking whether g++ accepts -g
configure:2884: g++ -c -g  conftest.cc >&5
configure:2887: $? = 0
configure:2890: test -s conftest.o
configure:2893: $? = 0
configure:2903: result: yes
configure:2949: g++ -c -O2  conftest.cc >&5
configure:2952: $? = 0
configure:2955: test -s conftest.o
configure:2958: $? = 0
configure:2986: g++ -c -O2  conftest.cc >&5
configure: In function 'int main()':
configure:2978: error: 'exit' was not declared in this scope
configure:2989: $? = 1
configure: failed program was:
#line 2967 "configure"
#include "confdefs.h"

#ifdef F77_DUMMY_MAIN
#  ifdef __cplusplus
     extern "C"
#  endif
   int F77_DUMMY_MAIN() { return 1; }
#endif
int
main ()
{
exit (42);
  ;
  return 0;
}
configure:2949: g++ -c -O2  conftest.cc >&5
configure:2952: $? = 0
configure:2955: test -s conftest.o
configure:2958: $? = 0
configure:2986: g++ -c -O2  conftest.cc >&5
configure:2989: $? = 0
configure:2992: test -s conftest.o
configure:2995: $? = 0
configure:3021: checking for perl
configure:3039: found /usr/bin/perl
configure:3051: result: /usr/bin/perl
configure:3072: checking whether GNU C++ supports automatic template instantiation
configure:3083: checking how to run the C preprocessor
configure:3109: gcc -E  conftest.c
configure:3115: $? = 0
configure:3142: gcc -E  conftest.c
configure:3138:28: error: ac_nonexistent.h: No such file or directory
configure:3148: $? = 1
configure: failed program was:
#line 3137 "configure"
#include "confdefs.h"
#include <ac_nonexistent.h>
configure:3185: result: gcc -E
configure:3200: gcc -E  conftest.c
configure:3206: $? = 0
configure:3233: gcc -E  conftest.c
configure:3229:28: error: ac_nonexistent.h: No such file or directory
configure:3239: $? = 1
configure: failed program was:
#line 3228 "configure"
#include "confdefs.h"
#include <ac_nonexistent.h>
configure:3298: result: yes
configure:3318: checking for ANSI C header files
configure:3332: gcc -E  conftest.c
configure:3338: $? = 0
configure:3425: gcc -o conftest -g -O2   conftest.c  >&5
configure: In function 'main':
configure:3416: warning: incompatible implicit declaration of built-in function 'exit'
configure:3428: $? = 0
configure:3430: ./conftest
configure:3433: $? = 0
configure:3447: result: yes
configure:3471: checking for sys/types.h
configure:3484: gcc -c -g -O2  conftest.c >&5
configure:3487: $? = 0
configure:3490: test -s conftest.o
configure:3493: $? = 0
configure:3503: result: yes
configure:3471: checking for sys/stat.h
configure:3484: gcc -c -g -O2  conftest.c >&5
configure:3487: $? = 0
configure:3490: test -s conftest.o
configure:3493: $? = 0
configure:3503: result: yes
configure:3471: checking for stdlib.h
configure:3484: gcc -c -g -O2  conftest.c >&5
configure:3487: $? = 0
configure:3490: test -s conftest.o
configure:3493: $? = 0
configure:3503: result: yes
configure:3471: checking for string.h
configure:3484: gcc -c -g -O2  conftest.c >&5
configure:3487: $? = 0
configure:3490: test -s conftest.o
configure:3493: $? = 0
configure:3503: result: yes
configure:3471: checking for memory.h
configure:3484: gcc -c -g -O2  conftest.c >&5
configure:3487: $? = 0
configure:3490: test -s conftest.o
configure:3493: $? = 0
configure:3503: result: yes
configure:3471: checking for strings.h
configure:3484: gcc -c -g -O2  conftest.c >&5
configure:3487: $? = 0
configure:3490: test -s conftest.o
configure:3493: $? = 0
configure:3503: result: yes
configure:3471: checking for inttypes.h
configure:3484: gcc -c -g -O2  conftest.c >&5
configure:3487: $? = 0
configure:3490: test -s conftest.o
configure:3493: $? = 0
configure:3503: result: yes
configure:3471: checking for stdint.h
configure:3484: gcc -c -g -O2  conftest.c >&5
configure:3487: $? = 0
configure:3490: test -s conftest.o
configure:3493: $? = 0
configure:3503: result: yes
configure:3471: checking for unistd.h
configure:3484: gcc -c -g -O2  conftest.c >&5
configure:3487: $? = 0
configure:3490: test -s conftest.o
configure:3493: $? = 0
configure:3503: result: yes
configure:3529: checking limits.h usability
configure:3538: gcc -c -g -O2  conftest.c >&5
configure:3541: $? = 0
configure:3544: test -s conftest.o
configure:3547: $? = 0
configure:3556: result: yes
configure:3560: checking limits.h presence
configure:3567: gcc -E  conftest.c
configure:3573: $? = 0
configure:3591: result: yes
configure:3609: checking for limits.h
configure:3616: result: yes
configure:3630: checking for gcc option to accept ANSI C
configure:3693: gcc  -c -g -O2  conftest.c >&5
configure:3696: $? = 0
configure:3699: test -s conftest.o
configure:3702: $? = 0
configure:3719: result: none needed
configure:3727: checking for an ANSI C-conforming const
configure:3797: gcc -c -g -O2  conftest.c >&5
configure:3800: $? = 0
configure:3803: test -s conftest.o
configure:3806: $? = 0
configure:3816: result: yes
configure:3826: checking for inline
configure:3843: gcc -c -g -O2  conftest.c >&5
configure:3846: $? = 0
configure:3849: test -s conftest.o
configure:3852: $? = 0
configure:3863: result: inline
configure:3878: checking for size_t
configure:3905: gcc -c -g -O2  conftest.c >&5
configure:3908: $? = 0
configure:3911: test -s conftest.o
configure:3914: $? = 0
configure:3924: result: yes
configure:3937: checking for struct stat.st_blksize
configure:3963: gcc -c -g -O2  conftest.c >&5
configure:3966: $? = 0
configure:3969: test -s conftest.o
configure:3972: $? = 0
configure:3982: result: yes
configure:3998: checking for sig_atomic_t in signal.h
configure:4022: gcc -o conftest -g -O2   conftest.c  >&5
configure:4025: $? = 0
configure:4028: test -s conftest
configure:4031: $? = 0
configure:4041: result: yes
configure:4105: checking for size_t
configure:4151: result: yes
configure:4154: checking size of size_t
configure:4432: gcc -o conftest -g -O2   conftest.c  >&5
configure:4435: $? = 0
configure:4437: ./conftest
configure:4440: $? = 0
configure:4460: result: 4
configure:4467: checking for unsigned int
configure:4494: gcc -c -g -O2  conftest.c >&5
configure:4497: $? = 0
configure:4500: test -s conftest.o
configure:4503: $? = 0
configure:4513: result: yes
configure:4516: checking size of unsigned int
configure:4794: gcc -o conftest -g -O2   conftest.c  >&5
configure:4797: $? = 0
configure:4799: ./conftest
configure:4802: $? = 0
configure:4822: result: 4
configure:4831: checking for setlocale
configure:4874: gcc -o conftest -g -O2   conftest.c  >&5
configure:4877: $? = 0
configure:4880: test -s conftest
configure:4883: $? = 0
configure:4893: result: yes
configure:4902: checking for towupper
configure:4945: gcc -o conftest -g -O2   conftest.c  >&5
configure:4917: warning: conflicting types for built-in function 'towupper'
configure:4948: $? = 0
configure:4951: test -s conftest
configure:4954: $? = 0
configure:4964: result: yes
configure:4973: checking for gettext
configure:5016: gcc -o conftest -g -O2   conftest.c  >&5
configure:4988: warning: conflicting types for built-in function 'gettext'
configure:5019: $? = 0
configure:5022: test -s conftest
configure:5025: $? = 0
configure:5035: result: yes
configure:5108: checking for cthread_fork in -lthreads
configure:5141: gcc -o conftest -g -O2   conftest.c -lthreads   >&5
/usr/bin/ld: cannot find -lthreads
collect2: ld returned 1 exit status
configure:5144: $? = 1
configure: failed program was:
#line 5115 "configure"
#include "confdefs.h"

/* Override any gcc2 internal prototype to avoid an error.  */
#ifdef __cplusplus
extern "C"
#endif
/* We use char because int might match the return type of a gcc2
   builtin and then its argument prototype would still apply.  */
char cthread_fork ();
#ifdef F77_DUMMY_MAIN
#  ifdef __cplusplus
     extern "C"
#  endif
   int F77_DUMMY_MAIN() { return 1; }
#endif
int
main ()
{
cthread_fork ();
  ;
  return 0;
}
configure:5161: result: no
configure:5174: checking whether size_t is unsigned int
configure:5212: g++ -c -O2  conftest.cc >&5
configure:5215: $? = 0
configure:5218: test -s conftest.o
configure:5221: $? = 0
configure:5235: result: yes
configure:5250: checking support for bool
configure:5274: g++ -o conftest -O2   conftest.cc  >&5
configure:5277: $? = 0
configure:5280: test -s conftest
configure:5283: $? = 0
configure:5293: result: yes
configure:5303: checking for ANSI template instantiation
configure:5335: g++ -o conftest -O2   conftest.cc  >&5
configure:5338: $? = 0
configure:5341: test -s conftest
configure:5344: $? = 0
configure:5354: result: yes
configure:5364: checking whether to include support for http
configure:5371: checking how to run the C++ preprocessor
configure:5393: g++ -E  conftest.cc
configure:5399: $? = 0
configure:5426: g++ -E  conftest.cc
configure:5422:28: error: ac_nonexistent.h: No such file or directory
configure:5432: $? = 1
configure: failed program was:
#line 5421 "configure"
#include "confdefs.h"
#include <ac_nonexistent.h>
configure:5469: result: g++ -E
configure:5484: g++ -E  conftest.cc
configure:5490: $? = 0
configure:5517: g++ -E  conftest.cc
configure:5513:28: error: ac_nonexistent.h: No such file or directory
configure:5523: $? = 1
configure: failed program was:
#line 5512 "configure"
#include "confdefs.h"
#include <ac_nonexistent.h>
configure:5707: result: no
configure:5712: checking whether to enable support for FrameMaker MIF output
configure:5733: result: yes
configure:5741: checking whether to enable support for HTML+CSS output
configure:5762: result: yes
configure:5775: checking for default catalog
configure:5793: result: none
configure:5796: checking for default search path
configure:5814: result: none
configure:5896: checking for ld used by GCC
configure:5959: result: /usr/bin/ld
configure:5968: checking if the linker (/usr/bin/ld) is GNU ld
GNU ld (GNU Binutils for Ubuntu) 2.20.1-system.20100303
configure:5980: result: yes
configure:5985: checking for /usr/bin/ld option to reload object files
configure:5992: result: -r
configure:5997: checking for BSD-compatible nm
configure:6033: result: /usr/bin/nm -B
configure:6036: checking how to recognise dependant libraries
configure:6204: result: pass_all
configure:6216: checking command to parse /usr/bin/nm -B output
configure:6293: g++ -c -O2  conftest.cc >&5
configure:6296: $? = 0
configure:6300: /usr/bin/nm -B conftest.o \| sed -n -e 's/^.*[ 	]\([ABCDGISTW][ABCDGISTW]*\)[ 	][ 	]*\(\)\([_A-Za-z][_A-Za-z0-9]*\)$/\1 \2\3 \3/p' \> conftest.nm
configure:6303: $? = 0
configure:6355: g++ -o conftest -O2   conftest.cc conftstm.o >&5
configure:6358: $? = 0
configure:6399: result: ok
configure:6417: checking dlfcn.h usability
configure:6426: g++ -c -O2  conftest.cc >&5
configure:6429: $? = 0
configure:6432: test -s conftest.o
configure:6435: $? = 0
configure:6444: result: yes
configure:6448: checking dlfcn.h presence
configure:6455: g++ -E  conftest.cc
configure:6461: $? = 0
configure:6479: result: yes
configure:6497: checking for dlfcn.h
configure:6504: result: yes
configure:6701: checking for ranlib
configure:6717: found /usr/bin/ranlib
configure:6728: result: ranlib
configure:6781: checking for strip
configure:6797: found /usr/bin/strip
configure:6808: result: strip
configure:7012: checking for objdir
configure:7023: result: .libs
configure:7040: checking for gcc option to produce PIC
configure:7190: result: -fPIC
configure:7194: checking if gcc PIC flag -fPIC works
configure:7220: g++ -c -O2  conftest.cc >&5
configure:7223: $? = 0
configure:7226: test -s conftest.o
configure:7229: $? = 0
configure:7266: result: yes
configure:7282: checking if gcc static flag -static works
configure:7309: g++ -o conftest -O2   -static conftest.cc  >&5
configure:7312: $? = 0
configure:7315: test -s conftest
configure:7318: $? = 0
configure:7333: result: yes
configure:7345: checking if gcc supports -c -o file.o
configure:7365: g++ -c -O2  conftest.cc >&5
Assembler messages:
Fatal error: can't create conftest.o: Permission denied
configure:7389: result: no
configure:7461: checking if we can lock with hard links
configure:7469: result: yes
configure:7482: checking if gcc supports -fno-rtti -fno-exceptions
configure:7507: g++ -c -O2  conftest.cc >&5
configure:7510: $? = 0
configure:7513: test -s conftest.o
configure:7516: $? = 0
configure:7532: result: yes
configure:7543: checking whether the linker (/usr/bin/ld) supports shared libraries
configure:8155: result: yes
configure:8160: checking how to hardcode library paths into programs
configure:8184: result: immediate
configure:8189: checking whether stripping libraries is possible
configure:8194: result: yes
configure:8205: checking dynamic linker characteristics
configure:8587: result: GNU/Linux ld.so
configure:8592: checking if libtool supports shared libraries
configure:8594: result: yes
configure:9195: checking whether -lc should be explicitly linked in
configure:9203: g++ -c -O2  conftest.cc >&5
configure:9206: $? = 0
configure:9220: gcc -shared conftest.o  -v -Wl,-soname -Wl,conftest -o conftest 2\>\&1 \| grep  -lc  \>/dev/null 2\>\&1
configure:9223: $? = 0
configure:9236: result: no
configure:9918: creating ./config.status

## ---------------------- ##
## Running config.status. ##
## ---------------------- ##

This file was extended by config.status, which was
generated by GNU Autoconf 2.53.  Invocation command line was

  CONFIG_FILES    = 
  CONFIG_HEADERS  = 
  CONFIG_LINKS    = 
  CONFIG_COMMANDS = 
  $ ./config.status 

on wang-laptop

config.status:596: creating Makefile
config.status:596: creating Makefile.lib
config.status:596: creating Makefile.prog
config.status:596: creating Makefile.comm
config.status:596: creating include/config.h

## ---------------- ##
## Cache variables. ##
## ---------------- ##

ac_cv_build=i686-pc-linux-gnu
ac_cv_build_alias=i686-pc-linux-gnu
ac_cv_c_compiler_gnu=yes
ac_cv_c_const=yes
ac_cv_c_gnu_automatic_templates=yes
ac_cv_c_inline=inline
ac_cv_c_template_ansi=yes
ac_cv_cxx_compiler_gnu=yes
ac_cv_env_CC_set=
ac_cv_env_CC_value=
ac_cv_env_CFLAGS_set=
ac_cv_env_CFLAGS_value=
ac_cv_env_CPPFLAGS_set=
ac_cv_env_CPPFLAGS_value=
ac_cv_env_CPP_set=
ac_cv_env_CPP_value=
ac_cv_env_CXXCPP_set=
ac_cv_env_CXXCPP_value=
ac_cv_env_CXXFLAGS_set=
ac_cv_env_CXXFLAGS_value=
ac_cv_env_CXX_set=
ac_cv_env_CXX_value=
ac_cv_env_LDFLAGS_set=
ac_cv_env_LDFLAGS_value=
ac_cv_env_build_alias_set=
ac_cv_env_build_alias_value=
ac_cv_env_host_alias_set=
ac_cv_env_host_alias_value=
ac_cv_env_target_alias_set=
ac_cv_env_target_alias_value=
ac_cv_exeext=
ac_cv_file__opt_iscanv_report_tools__include_OpenSP=yes
ac_cv_func_gettext=yes
ac_cv_func_setlocale=yes
ac_cv_func_towupper=yes
ac_cv_have_sig_atomic_t=yes
ac_cv_header_dlfcn_h=yes
ac_cv_header_inttypes_h=yes
ac_cv_header_limits_h=yes
ac_cv_header_memory_h=yes
ac_cv_header_stdc=yes
ac_cv_header_stdint_h=yes
ac_cv_header_stdlib_h=yes
ac_cv_header_string_h=yes
ac_cv_header_strings_h=yes
ac_cv_header_sys_stat_h=yes
ac_cv_header_sys_types_h=yes
ac_cv_header_unistd_h=yes
ac_cv_host=i686-pc-linux-gnu
ac_cv_host_alias=i686-pc-linux-gnu
ac_cv_lib_threads_cthread_fork=no
ac_cv_member_struct_stat_st_blksize=yes
ac_cv_objext=o
ac_cv_path_PERL=/usr/bin/perl
ac_cv_path_install='/usr/bin/install -c'
ac_cv_prog_CPP='gcc -E'
ac_cv_prog_CXXCPP='g++ -E'
ac_cv_prog_ac_ct_CC=gcc
ac_cv_prog_ac_ct_CXX=g++
ac_cv_prog_ac_ct_RANLIB=ranlib
ac_cv_prog_ac_ct_STRIP=strip
ac_cv_prog_cc_g=yes
ac_cv_prog_cc_stdc=
ac_cv_prog_cxx_g=yes
ac_cv_prog_make_make_set=no
ac_cv_size_t_is_uint=yes
ac_cv_sizeof_size_t=4
ac_cv_sizeof_unsigned_int=4
ac_cv_type_size_t=yes
ac_cv_type_unsigned_int=yes
ac_cv_typedef_bool=yes
lt_cv_archive_cmds_need_lc=no
lt_cv_compiler_c_o=no
lt_cv_deplibs_check_method=pass_all
lt_cv_file_magic_cmd='$MAGIC_CMD'
lt_cv_file_magic_test_file='/lib/libc.so.6 /lib/libc-2.11.1.so'
lt_cv_global_symbol_to_cdecl='sed -n -e '\''s/^. .* \(.*\)$/extern char \1;/p'\'''
lt_cv_ld_reload_flag=-r
lt_cv_path_LD=/usr/bin/ld
lt_cv_path_NM='/usr/bin/nm -B'
lt_cv_prog_cc_can_build_shared=yes
lt_cv_prog_cc_no_builtin=
lt_cv_prog_cc_pic=' -fPIC'
lt_cv_prog_cc_pic_works=yes
lt_cv_prog_cc_shlib=
lt_cv_prog_cc_static=-static
lt_cv_prog_cc_static_works=yes
lt_cv_prog_cc_wl=-Wl,
lt_cv_prog_gnu_ld=yes
lt_cv_sys_global_symbol_pipe='sed -n -e '\''s/^.*[ 	]\([ABCDGISTW][ABCDGISTW]*\)[ 	][ 	]*\(\)\([_A-Za-z][_A-Za-z0-9]*\)$/\1 \2\3 \3/p'\'''
lt_cv_sys_path_separator=:

## ----------- ##
## confdefs.h. ##
## ----------- ##

#define PACKAGE_NAME ""
#define PACKAGE_TARNAME ""
#define PACKAGE_VERSION ""
#define PACKAGE_STRING ""
#define PACKAGE_BUGREPORT ""
#define PACKAGE "openjade"
#define VERSION "1.3.2"
#ifdef __cplusplus
#include <stdlib.h>
#endif
#define SP_DEFINE_TEMPLATES 1
#define STDC_HEADERS 1
#define HAVE_SYS_TYPES_H 1
#define HAVE_SYS_STAT_H 1
#define HAVE_STDLIB_H 1
#define HAVE_STRING_H 1
#define HAVE_MEMORY_H 1
#define HAVE_STRINGS_H 1
#define HAVE_INTTYPES_H 1
#define HAVE_STDINT_H 1
#define HAVE_UNISTD_H 1
#define HAVE_LIMITS_H 1
#define HAVE_STRUCT_STAT_ST_BLKSIZE 1
#define HAVE_ST_BLKSIZE 1
#define SIZEOF_SIZE_T 4
#define SIZEOF_UNSIGNED_INT 4
#define SP_HAVE_LOCALE 1
#define SP_HAVE_WCHAR 1
#define SP_HAVE_GETTEXT 1
#define SIZE_T_IS_UINT 1
#define SP_HAVE_BOOL 1
#define SP_ANSI_CLASS_INST 1
#define JADE_MIF 1
#define JADE_HTML 1
#define SP_MULTI_BYTE 1
#define HAVE_DLFCN_H 1

configure: exit 0
